<?xml version="1.0" encoding="UTF-8"?>
<!-- Generated by org.testng.reporters.JUnitReportReporter -->
<testsuite hostname="Lubab" failures="0" tests="2" name="project.project.AppTest" time="2.861" errors="0" timestamp="2025-04-19T10:14:04 GMT+03:00" skipped="0">
  <testcase classname="project.project.AppTest" name="ScrollTest" time="2.040"/>
  <testcase classname="project.project.AppTest" name="FillingInputFields" time="0.821"/>
</testsuite> <!-- project.project.AppTest -->
